2025-06-29 23:37:37 - baseline_models - INFO - === 4_2. 基准模型对比分析开始 ===
2025-06-29 23:37:38 - baseline_models - INFO - 加载清洗后数据
2025-06-29 23:37:38 - baseline_models - INFO - 数据规模: 89027 条记录
2025-06-29 23:37:38 - baseline_models - INFO - 创建训练数据...
2025-06-29 23:37:38 - baseline_models - INFO - 初始化了 6 个基准模型
2025-06-29 23:37:38 - baseline_models - INFO - 开始训练和评估基准模型...
2025-06-29 23:37:38 - baseline_models - INFO - 训练 SVM 模型...
2025-06-29 23:37:45 - baseline_models - INFO - SVM - 准确率: 0.821, 召回率: 0.820, F1: 0.812
2025-06-29 23:37:45 - baseline_models - INFO - 训练 LogisticRegression 模型...
2025-06-29 23:37:49 - baseline_models - INFO - LogisticRegression - 准确率: 0.786, 召回率: 0.772, F1: 0.756
2025-06-29 23:37:49 - baseline_models - INFO - 训练 DecisionTree 模型...
2025-06-29 23:37:49 - baseline_models - INFO - DecisionTree - 准确率: 0.799, 召回率: 0.805, F1: 0.800
2025-06-29 23:37:49 - baseline_models - INFO - 训练 NaiveBayes 模型...
2025-06-29 23:37:49 - baseline_models - INFO - NaiveBayes - 准确率: 0.795, 召回率: 0.765, F1: 0.742
2025-06-29 23:37:49 - baseline_models - INFO - 训练 KNN 模型...
2025-06-29 23:37:50 - baseline_models - INFO - KNN - 准确率: 0.776, 召回率: 0.713, F1: 0.674
2025-06-29 23:37:50 - baseline_models - INFO - 训练 RandomForest 模型...
2025-06-29 23:37:58 - baseline_models - INFO - RandomForest - 准确率: 0.808, 召回率: 0.812, F1: 0.805
2025-06-29 23:37:58 - baseline_models - INFO - 创建模型对比可视化...
2025-06-29 23:38:00 - baseline_models - INFO - 模型对比可视化已保存到 result/behavior/baseline_models_comparison.png
2025-06-29 23:38:00 - baseline_models - INFO - 生成详细模型报告...
2025-06-29 23:38:00 - baseline_models - INFO - 详细模型报告已保存到 result/behavior/baseline_models_report.txt
2025-06-29 23:38:19 - baseline_models - INFO - === 4_2. 基准模型对比分析完成 ===
2025-06-29 23:38:19 - baseline_models - INFO - 最佳模型: SVM
2025-06-29 23:38:19 - baseline_models - INFO - 结果已保存到: result/behavior/svm_behavior_results.csv
2025-06-29 23:41:19 - baseline_models - INFO - === 4_2. 基准模型对比分析开始 ===
2025-06-29 23:41:20 - baseline_models - INFO - 加载清洗后数据
2025-06-29 23:41:20 - baseline_models - INFO - 数据规模: 89027 条记录
2025-06-29 23:41:20 - baseline_models - INFO - 创建训练数据...
2025-06-29 23:41:20 - baseline_models - INFO - 初始化了 6 个基准模型
2025-06-29 23:41:20 - baseline_models - INFO - 开始训练和评估基准模型...
2025-06-29 23:41:20 - baseline_models - INFO - 训练 SVM 模型...
2025-06-29 23:41:24 - baseline_models - INFO - SVM - 准确率: 0.821, 召回率: 0.820, F1: 0.812
2025-06-29 23:41:24 - baseline_models - INFO - 训练 LogisticRegression 模型...
2025-06-29 23:41:26 - baseline_models - INFO - LogisticRegression - 准确率: 0.786, 召回率: 0.772, F1: 0.756
2025-06-29 23:41:26 - baseline_models - INFO - 训练 DecisionTree 模型...
2025-06-29 23:41:27 - baseline_models - INFO - DecisionTree - 准确率: 0.799, 召回率: 0.805, F1: 0.800
2025-06-29 23:41:27 - baseline_models - INFO - 训练 NaiveBayes 模型...
2025-06-29 23:41:27 - baseline_models - INFO - NaiveBayes - 准确率: 0.795, 召回率: 0.765, F1: 0.742
2025-06-29 23:41:27 - baseline_models - INFO - 训练 KNN 模型...
2025-06-29 23:41:27 - baseline_models - INFO - KNN - 准确率: 0.776, 召回率: 0.713, F1: 0.674
2025-06-29 23:41:27 - baseline_models - INFO - 训练 RandomForest 模型...
2025-06-29 23:41:33 - baseline_models - INFO - RandomForest - 准确率: 0.808, 召回率: 0.812, F1: 0.805
2025-06-29 23:41:33 - baseline_models - INFO - 创建模型对比可视化...
2025-06-29 23:41:34 - baseline_models - INFO - precision对比图已保存到 result/baseline_models/precision_comparison.png
2025-06-29 23:41:34 - baseline_models - INFO - recall对比图已保存到 result/baseline_models/recall_comparison.png
2025-06-29 23:41:35 - baseline_models - INFO - f1_score对比图已保存到 result/baseline_models/f1_score_comparison.png
2025-06-29 23:41:36 - baseline_models - INFO - cv_mean对比图已保存到 result/baseline_models/cv_mean_comparison.png
2025-06-29 23:41:36 - baseline_models - INFO - 创建模型性能雷达图...
2025-06-29 23:41:37 - baseline_models - INFO - 雷达图已保存到 result/baseline_models/models_radar_chart.png
2025-06-29 23:41:37 - baseline_models - INFO - 所有模型对比可视化已完成
2025-06-29 23:41:37 - baseline_models - INFO - 生成详细模型报告...
2025-06-29 23:41:37 - baseline_models - INFO - 详细模型报告已保存到 result/baseline_models/baseline_models_report.txt
2025-06-29 23:41:54 - baseline_models - INFO - === 4_2. 基准模型对比分析完成 ===
2025-06-29 23:41:54 - baseline_models - INFO - 最佳模型: SVM
2025-06-29 23:41:54 - baseline_models - INFO - 结果已保存到: result/baseline_models/svm_behavior_results.csv
