2025-07-06 13:19:34 - behavior_prediction_visualization - INFO - 启动行为预测和可视化程序...
2025-07-06 13:19:34 - behavior_prediction_visualization - INFO - 构建行为关键词词典...
2025-07-06 13:19:34 - behavior_prediction_visualization - INFO - 开始运行预测和可视化流程...
2025-07-06 13:19:34 - behavior_prediction_visualization - INFO - 加载训练好的模型: result/behavior_analysis/bertopic_behavior_model.pkl
2025-07-06 13:19:45 - behavior_prediction_visualization - INFO - 模型加载成功
2025-07-06 13:19:45 - behavior_prediction_visualization - INFO - 加载预测数据: data/clean/processed_data.csv
2025-07-06 13:19:46 - behavior_prediction_visualization - INFO - 数据加载成功，共 89027 条记录
2025-07-06 13:19:46 - behavior_prediction_visualization - INFO - 开始行为预测...
2025-07-06 13:19:54 - behavior_prediction_visualization - INFO - 行为预测完成，共预测 89027 条记录
2025-07-06 13:19:54 - behavior_prediction_visualization - INFO - 添加灾害传播阶段标签...
2025-07-06 13:19:57 - behavior_prediction_visualization - INFO - 灾害传播阶段标签添加完成
2025-07-06 13:19:58 - behavior_prediction_visualization - INFO - 预测结果已保存: result/behavior_prediction/prediction_results.csv
2025-07-06 13:19:58 - behavior_prediction_visualization - INFO - 创建时间序列可视化...
2025-07-06 13:20:02 - behavior_prediction_visualization - INFO - 时间序列可视化完成，结果保存在: result/behavior_prediction
2025-07-06 13:20:02 - behavior_prediction_visualization - INFO - 生成预测结果报告...
2025-07-06 13:20:26 - behavior_prediction_visualization - INFO - 启动行为预测和可视化程序...
2025-07-06 13:20:26 - behavior_prediction_visualization - INFO - 构建行为关键词词典...
2025-07-06 13:20:26 - behavior_prediction_visualization - INFO - 开始运行预测和可视化流程...
2025-07-06 13:20:26 - behavior_prediction_visualization - INFO - 加载训练好的模型: result/behavior_analysis/bertopic_behavior_model.pkl
2025-07-06 13:20:35 - behavior_prediction_visualization - INFO - 模型加载成功
2025-07-06 13:20:35 - behavior_prediction_visualization - INFO - 加载预测数据: data/clean/processed_data.csv
2025-07-06 13:20:36 - behavior_prediction_visualization - INFO - 数据加载成功，共 89027 条记录
2025-07-06 13:20:36 - behavior_prediction_visualization - INFO - 开始行为预测...
2025-07-06 13:20:44 - behavior_prediction_visualization - INFO - 行为预测完成，共预测 89027 条记录
2025-07-06 13:20:44 - behavior_prediction_visualization - INFO - 添加灾害传播阶段标签...
2025-07-06 13:20:47 - behavior_prediction_visualization - INFO - 灾害传播阶段标签添加完成
2025-07-06 13:20:49 - behavior_prediction_visualization - INFO - 预测结果已保存: result/behavior_prediction/prediction_results.csv
2025-07-06 13:20:49 - behavior_prediction_visualization - INFO - 创建时间序列可视化...
2025-07-06 13:20:52 - behavior_prediction_visualization - INFO - 时间序列可视化完成，结果保存在: result/behavior_prediction
2025-07-06 13:20:52 - behavior_prediction_visualization - INFO - 生成预测结果报告...
2025-07-06 13:20:52 - behavior_prediction_visualization - INFO - 预测结果报告已生成: result/behavior_prediction/prediction_report.txt
2025-07-06 13:20:52 - behavior_prediction_visualization - INFO - 按灾害传播阶段分析行为分布...
2025-07-06 13:20:52 - behavior_prediction_visualization - INFO - 预测和可视化流程完成
2025-07-06 13:20:52 - behavior_prediction_visualization - INFO - 程序执行成功！
2025-07-06 13:20:52 - behavior_prediction_visualization - INFO - 预测结果已保存到 result/behavior_prediction/ 目录
2025-07-06 13:20:52 - behavior_prediction_visualization - INFO - 可视化图表已生成
2025-07-06 13:20:52 - behavior_prediction_visualization - INFO - 分析报告已生成
